{"total": {"lines":{"total":33,"covered":3,"skipped":0,"pct":9.09},"statements":{"total":33,"covered":3,"skipped":0,"pct":9.09},"functions":{"total":9,"covered":1,"skipped":0,"pct":11.11},"branches":{"total":3,"covered":1,"skipped":0,"pct":33.33},"branchesTrue":{"total":0,"covered":0,"skipped":0,"pct":100}}
,"/Users/gjm/test-pre-push-husky/project/folder1/bye.js": {"lines":{"total":9,"covered":0,"skipped":0,"pct":0},"functions":{"total":1,"covered":0,"skipped":0,"pct":0},"statements":{"total":9,"covered":0,"skipped":0,"pct":0},"branches":{"total":1,"covered":0,"skipped":0,"pct":0}}
,"/Users/gjm/test-pre-push-husky/project/folder1/sample.js": {"lines":{"total":3,"covered":0,"skipped":0,"pct":0},"functions":{"total":1,"covered":0,"skipped":0,"pct":0},"statements":{"total":3,"covered":0,"skipped":0,"pct":0},"branches":{"total":1,"covered":0,"skipped":0,"pct":0}}
,"/Users/gjm/test-pre-push-husky/project/folder1/folder2/hello.js": {"lines":{"total":21,"covered":3,"skipped":0,"pct":14.28},"functions":{"total":7,"covered":1,"skipped":0,"pct":14.28},"statements":{"total":21,"covered":3,"skipped":0,"pct":14.28},"branches":{"total":1,"covered":1,"skipped":0,"pct":100}}
}
